<?xml version="1.0" encoding="UTF-8"?>
<!-- Generated by org.testng.reporters.JUnitXMLReporter -->
<testsuite ignored="0" hostname="Sainath" failures="0" tests="1" name="Test" time="9.121" errors="0" timestamp="2024-11-05T10:05:58 IST">
  <testcase classname="com.cb.tests.BaseTest" name="@BeforeMethod setUp" time="7.235">
    <failure type="com.cb.exceptions.PropertyFileValueException" message="Property name URL not found.please check config.properties">
      <![CDATA[com.cb.exceptions.PropertyFileValueException: Property name URL not found.please check config.properties
at com.cb.utils.ReadPropertyFile.get(ReadPropertyFile.java:39)
at com.cb.driver.Driver.initDriver(Driver.java:49)
at com.cb.tests.BaseTest.setUp(BaseTest.java:21)
at java.base/java.util.concurrent.Executors$RunnableAdapter.call(Executors.java:572)
at java.base/java.util.concurrent.FutureTask.run(FutureTask.java:317)
at java.base/java.util.concurrent.ThreadPoolExecutor.runWorker(ThreadPoolExecutor.java:1144)
at java.base/java.util.concurrent.ThreadPoolExecutor$Worker.run(ThreadPoolExecutor.java:642)
at java.base/java.lang.Thread.run(Thread.java:1583)
... Removed 15 stack frames]]>
    </failure>
  </testcase> <!-- @BeforeMethod setUp -->
  <testcase classname="com.cb.tests.OrangeHRMTests" name="loginLogOutTest" time="0.0">
    <skipped/>
  </testcase> <!-- loginLogOutTest -->
</testsuite> <!-- Test -->
